This is pdfTeX, Version 3.14159265-2.6-1.40.19 (MiKTeX 2.9.6840 64-bit) (preloaded format=pdflatex 2018.12.21)  25 OCT 2019 16:40
entering extended mode
**./Bank_Marketing_PL.tex
(Bank_Marketing_PL.tex
LaTeX2e <2018-04-01> patch level 5
("C:\Program Files\MiKTeX 2.9\tex\latex\base\article.cls"
Document Class: article 2014/09/29 v1.4h Standard LaTeX document class
("C:\Program Files\MiKTeX 2.9\tex\latex\base\size11.clo"
File: size11.clo 2014/09/29 v1.4h Standard LaTeX file (size option)
)
\c@part=\count80
\c@section=\count81
\c@subsection=\count82
\c@subsubsection=\count83
\c@paragraph=\count84
\c@subparagraph=\count85
\c@figure=\count86
\c@table=\count87
\abovecaptionskip=\skip41
\belowcaptionskip=\skip42
\bibindent=\dimen102
)
("C:\Program Files\MiKTeX 2.9\tex\latex\graphics\graphicx.sty"
Package: graphicx 2017/06/01 v1.1a Enhanced LaTeX Graphics (DPC,SPQR)

("C:\Program Files\MiKTeX 2.9\tex\latex\graphics\keyval.sty"
Package: keyval 2014/10/28 v1.15 key=value parser (DPC)
\KV@toks@=\toks14
)
("C:\Program Files\MiKTeX 2.9\tex\latex\graphics\graphics.sty"
Package: graphics 2017/06/25 v1.2c Standard LaTeX Graphics (DPC,SPQR)

("C:\Program Files\MiKTeX 2.9\tex\latex\graphics\trig.sty"
Package: trig 2016/01/03 v1.10 sin cos tan (DPC)
)
("C:\Program Files\MiKTeX 2.9\tex\latex\graphics-cfg\graphics.cfg"
File: graphics.cfg 2016/06/04 v1.11 sample graphics configuration
)
Package graphics Info: Driver file: pdftex.def on input line 99.

("C:\Program Files\MiKTeX 2.9\tex\latex\graphics-def\pdftex.def"
File: pdftex.def 2018/01/08 v1.0l Graphics/color driver for pdftex
))
\Gin@req@height=\dimen103
\Gin@req@width=\dimen104
)
("C:\Program Files\MiKTeX 2.9\tex\latex\graphics\color.sty"
Package: color 2016/07/10 v1.1e Standard LaTeX Color (DPC)

("C:\Program Files\MiKTeX 2.9\tex\latex\graphics-cfg\color.cfg"
File: color.cfg 2016/01/02 v1.6 sample color configuration
)
Package color Info: Driver file: pdftex.def on input line 147.
)
(C:\Users\Maciek^M\AppData\Roaming\MiKTeX\2.9\tex\latex\framed\framed.sty
Package: framed 2011/10/22 v 0.96: framed or shaded text with page breaks
\OuterFrameSep=\skip43
\fb@frw=\dimen105
\fb@frh=\dimen106
\FrameRule=\dimen107
\FrameSep=\dimen108
)
("C:\Program Files\MiKTeX 2.9\tex\latex\base\alltt.sty"
Package: alltt 1997/06/16 v2.0g defines alltt environment
)
("C:\Program Files\MiKTeX 2.9\tex\latex\base\fontenc.sty"
Package: fontenc 2017/04/05 v2.0i Standard LaTeX package

("C:\Program Files\MiKTeX 2.9\tex\latex\base\t1enc.def"
File: t1enc.def 2017/04/05 v2.0i Standard LaTeX file
LaTeX Font Info:    Redeclaring font encoding T1 on input line 48.
))
("C:\Program Files\MiKTeX 2.9\tex\generic\babel\babel.sty"
Package: babel 2018/09/26 3.24 The Babel package

("C:\Program Files\MiKTeX 2.9\tex\generic\babel\switch.def"
File: switch.def 2018/09/26 3.24 Babel switching mechanism
)
*************************************
* Local config file bblopts.cfg used
*
(C:\Users\Maciek^M\AppData\Roaming\MiKTeX\2.9\tex\latex\arabi\bblopts.cfg
File: bblopts.cfg 2005/09/08 v0.1 add Arabic and Farsi to "declared" options of
 babel
)
(C:\Users\Maciek^M\AppData\Roaming\MiKTeX\2.9\tex\latex\babel-polish\polish.ldf
Language: polish 2005/03/31 v1.2l Polish support from the babel system
("C:\Program Files\MiKTeX 2.9\tex\generic\babel\babel.def"
File: babel.def 2018/09/26 3.24 Babel common definitions
\babel@savecnt=\count88
\U@D=\dimen109

("C:\Program Files\MiKTeX 2.9\tex\generic\babel\txtbabel.def")
\bbl@dirlevel=\count89
)
Package babel Info: Making " an active character on input line 83.
\pl@left=\dimen110
\pl@down=\dimen111
\pl@right=\dimen112
\pl@temp=\dimen113
))
("C:\Program Files\MiKTeX 2.9\tex\latex\base\inputenc.sty"
Package: inputenc 2018/04/06 v1.3b Input encoding file
\inpenc@prehook=\toks15
\inpenc@posthook=\toks16
)
("C:\Program Files\MiKTeX 2.9\tex\latex\lm\lmodern.sty"
Package: lmodern 2009/10/30 v1.6 Latin Modern Fonts
LaTeX Font Info:    Overwriting symbol font `operators' in version `normal'
(Font)                  OT1/cmr/m/n --> OT1/lmr/m/n on input line 22.
LaTeX Font Info:    Overwriting symbol font `letters' in version `normal'
(Font)                  OML/cmm/m/it --> OML/lmm/m/it on input line 23.
LaTeX Font Info:    Overwriting symbol font `symbols' in version `normal'
(Font)                  OMS/cmsy/m/n --> OMS/lmsy/m/n on input line 24.
LaTeX Font Info:    Overwriting symbol font `largesymbols' in version `normal'
(Font)                  OMX/cmex/m/n --> OMX/lmex/m/n on input line 25.
LaTeX Font Info:    Overwriting symbol font `operators' in version `bold'
(Font)                  OT1/cmr/bx/n --> OT1/lmr/bx/n on input line 26.
LaTeX Font Info:    Overwriting symbol font `letters' in version `bold'
(Font)                  OML/cmm/b/it --> OML/lmm/b/it on input line 27.
LaTeX Font Info:    Overwriting symbol font `symbols' in version `bold'
(Font)                  OMS/cmsy/b/n --> OMS/lmsy/b/n on input line 28.
LaTeX Font Info:    Overwriting symbol font `largesymbols' in version `bold'
(Font)                  OMX/cmex/m/n --> OMX/lmex/m/n on input line 29.
LaTeX Font Info:    Overwriting math alphabet `\mathbf' in version `normal'
(Font)                  OT1/cmr/bx/n --> OT1/lmr/bx/n on input line 31.
LaTeX Font Info:    Overwriting math alphabet `\mathsf' in version `normal'
(Font)                  OT1/cmss/m/n --> OT1/lmss/m/n on input line 32.
LaTeX Font Info:    Overwriting math alphabet `\mathit' in version `normal'
(Font)                  OT1/cmr/m/it --> OT1/lmr/m/it on input line 33.
LaTeX Font Info:    Overwriting math alphabet `\mathtt' in version `normal'
(Font)                  OT1/cmtt/m/n --> OT1/lmtt/m/n on input line 34.
LaTeX Font Info:    Overwriting math alphabet `\mathbf' in version `bold'
(Font)                  OT1/cmr/bx/n --> OT1/lmr/bx/n on input line 35.
LaTeX Font Info:    Overwriting math alphabet `\mathsf' in version `bold'
(Font)                  OT1/cmss/bx/n --> OT1/lmss/bx/n on input line 36.
LaTeX Font Info:    Overwriting math alphabet `\mathit' in version `bold'
(Font)                  OT1/cmr/bx/it --> OT1/lmr/bx/it on input line 37.
LaTeX Font Info:    Overwriting math alphabet `\mathtt' in version `bold'
(Font)                  OT1/cmtt/m/n --> OT1/lmtt/m/n on input line 38.
)
("C:\Program Files\MiKTeX 2.9\tex\latex\float\float.sty"
Package: float 2001/11/08 v1.3d Float enhancements (AL)
\c@float@type=\count90
\float@exts=\toks17
\float@box=\box26
\@float@everytoks=\toks18
\@floatcapt=\box27
)
("C:\Program Files\MiKTeX 2.9\tex\latex\geometry\geometry.sty"
Package: geometry 2018/04/16 v5.8 Page Geometry

("C:\Program Files\MiKTeX 2.9\tex\generic\oberdiek\ifpdf.sty"
Package: ifpdf 2018/09/07 v3.3 Provides the ifpdf switch
)
("C:\Program Files\MiKTeX 2.9\tex\generic\oberdiek\ifvtex.sty"
Package: ifvtex 2016/05/16 v1.6 Detect VTeX and its facilities (HO)
Package ifvtex Info: VTeX not detected.
)
("C:\Program Files\MiKTeX 2.9\tex\generic\ifxetex\ifxetex.sty"
Package: ifxetex 2010/09/12 v0.6 Provides ifxetex conditional
)
\Gm@cnth=\count91
\Gm@cntv=\count92
\c@Gm@tempcnt=\count93
\Gm@bindingoffset=\dimen114
\Gm@wd@mp=\dimen115
\Gm@odd@mp=\dimen116
\Gm@even@mp=\dimen117
\Gm@layoutwidth=\dimen118
\Gm@layoutheight=\dimen119
\Gm@layouthoffset=\dimen120
\Gm@layoutvoffset=\dimen121
\Gm@dimlist=\toks19

("C:\Program Files\MiKTeX 2.9\tex\latex\geometry\geometry.cfg"))
("C:\Program Files\MiKTeX 2.9\tex\latex\amsmath\amsmath.sty"
Package: amsmath 2017/09/02 v2.17a AMS math features
\@mathmargin=\skip44

For additional information on amsmath, use the `?' option.
("C:\Program Files\MiKTeX 2.9\tex\latex\amsmath\amstext.sty"
Package: amstext 2000/06/29 v2.01 AMS text

("C:\Program Files\MiKTeX 2.9\tex\latex\amsmath\amsgen.sty"
File: amsgen.sty 1999/11/30 v2.0 generic functions
\@emptytoks=\toks20
\ex@=\dimen122
))
("C:\Program Files\MiKTeX 2.9\tex\latex\amsmath\amsbsy.sty"
Package: amsbsy 1999/11/29 v1.2d Bold Symbols
\pmbraise@=\dimen123
)
("C:\Program Files\MiKTeX 2.9\tex\latex\amsmath\amsopn.sty"
Package: amsopn 2016/03/08 v2.02 operator names
)
\inf@bad=\count94
LaTeX Info: Redefining \frac on input line 213.
\uproot@=\count95
\leftroot@=\count96
LaTeX Info: Redefining \overline on input line 375.
\classnum@=\count97
\DOTSCASE@=\count98
LaTeX Info: Redefining \ldots on input line 472.
LaTeX Info: Redefining \dots on input line 475.
LaTeX Info: Redefining \cdots on input line 596.
\Mathstrutbox@=\box28
\strutbox@=\box29
\big@size=\dimen124
LaTeX Font Info:    Redeclaring font encoding OML on input line 712.
LaTeX Font Info:    Redeclaring font encoding OMS on input line 713.
\macc@depth=\count99
\c@MaxMatrixCols=\count100
\dotsspace@=\muskip10
\c@parentequation=\count101
\dspbrk@lvl=\count102
\tag@help=\toks21
\row@=\count103
\column@=\count104
\maxfields@=\count105
\andhelp@=\toks22
\eqnshift@=\dimen125
\alignsep@=\dimen126
\tagshift@=\dimen127
\tagwidth@=\dimen128
\totwidth@=\dimen129
\lineht@=\dimen130
\@envbody=\toks23
\multlinegap=\skip45
\multlinetaggap=\skip46
\mathdisplay@stack=\toks24
LaTeX Info: Redefining \[ on input line 2817.
LaTeX Info: Redefining \] on input line 2818.
)
("C:\Program Files\MiKTeX 2.9\tex\latex\amsfonts\amsfonts.sty"
Package: amsfonts 2013/01/14 v3.01 Basic AMSFonts support
\symAMSa=\mathgroup4
\symAMSb=\mathgroup5
LaTeX Font Info:    Overwriting math alphabet `\mathfrak' in version `bold'
(Font)                  U/euf/m/n --> U/euf/b/n on input line 106.
)
("C:\Program Files\MiKTeX 2.9\tex\latex\hyperref\hyperref.sty"
Package: hyperref 2018/09/30 v6.88a Hypertext links for LaTeX

("C:\Program Files\MiKTeX 2.9\tex\generic\oberdiek\hobsub-hyperref.sty"
Package: hobsub-hyperref 2016/05/16 v1.14 Bundle oberdiek, subset hyperref (HO)


("C:\Program Files\MiKTeX 2.9\tex\generic\oberdiek\hobsub-generic.sty"
Package: hobsub-generic 2016/05/16 v1.14 Bundle oberdiek, subset generic (HO)
Package: hobsub 2016/05/16 v1.14 Construct package bundles (HO)
Package: infwarerr 2016/05/16 v1.4 Providing info/warning/error messages (HO)
Package: ltxcmds 2016/05/16 v1.23 LaTeX kernel commands for general use (HO)
Package: ifluatex 2016/05/16 v1.4 Provides the ifluatex switch (HO)
Package ifluatex Info: LuaTeX not detected.
Package hobsub Info: Skipping package `ifvtex' (already loaded).
Package: intcalc 2016/05/16 v1.2 Expandable calculations with integers (HO)
Package hobsub Info: Skipping package `ifpdf' (already loaded).
Package: etexcmds 2016/05/16 v1.6 Avoid name clashes with e-TeX commands (HO)
Package etexcmds Info: Could not find \expanded.
(etexcmds)             That can mean that you are not using pdfTeX 1.50 or
(etexcmds)             that some package has redefined \expanded.
(etexcmds)             In the latter case, load this package earlier.
Package: kvsetkeys 2016/05/16 v1.17 Key value parser (HO)
Package: kvdefinekeys 2016/05/16 v1.4 Define keys (HO)
Package: pdftexcmds 2018/09/10 v0.29 Utility functions of pdfTeX for LuaTeX (HO
)
Package pdftexcmds Info: LuaTeX not detected.
Package pdftexcmds Info: \pdf@primitive is available.
Package pdftexcmds Info: \pdf@ifprimitive is available.
Package pdftexcmds Info: \pdfdraftmode found.
Package: pdfescape 2016/05/16 v1.14 Implements pdfTeX's escape features (HO)
Package: bigintcalc 2016/05/16 v1.4 Expandable calculations on big integers (HO
)
Package: bitset 2016/05/16 v1.2 Handle bit-vector datatype (HO)
Package: uniquecounter 2016/05/16 v1.3 Provide unlimited unique counter (HO)
)
Package hobsub Info: Skipping package `hobsub' (already loaded).
Package: letltxmacro 2016/05/16 v1.5 Let assignment for LaTeX macros (HO)
Package: hopatch 2016/05/16 v1.3 Wrapper for package hooks (HO)
Package: xcolor-patch 2016/05/16 xcolor patch
Package: atveryend 2016/05/16 v1.9 Hooks at the very end of document (HO)
Package atveryend Info: \enddocument detected (standard20110627).
Package: atbegshi 2016/06/09 v1.18 At begin shipout hook (HO)
Package: refcount 2016/05/16 v3.5 Data extraction from label references (HO)
Package: hycolor 2016/05/16 v1.8 Color options for hyperref/bookmark (HO)
)
("C:\Program Files\MiKTeX 2.9\tex\latex\oberdiek\auxhook.sty"
Package: auxhook 2016/05/16 v1.4 Hooks for auxiliary files (HO)
)
("C:\Program Files\MiKTeX 2.9\tex\latex\oberdiek\kvoptions.sty"
Package: kvoptions 2016/05/16 v3.12 Key value format for package options (HO)
)
\@linkdim=\dimen131
\Hy@linkcounter=\count106
\Hy@pagecounter=\count107

("C:\Program Files\MiKTeX 2.9\tex\latex\hyperref\pd1enc.def"
File: pd1enc.def 2018/09/30 v6.88a Hyperref: PDFDocEncoding definition (HO)
Now handling font encoding PD1 ...
... no UTF-8 mapping file for font encoding PD1
)
\Hy@SavedSpaceFactor=\count108

("C:\Program Files\MiKTeX 2.9\tex\latex\00miktex\hyperref.cfg"
File: hyperref.cfg 2002/06/06 v1.2 hyperref configuration of TeXLive
)
Package hyperref Info: Hyper figures OFF on input line 4535.
Package hyperref Info: Link nesting OFF on input line 4540.
Package hyperref Info: Hyper index ON on input line 4543.
Package hyperref Info: Plain pages OFF on input line 4550.
Package hyperref Info: Backreferencing OFF on input line 4555.
Package hyperref Info: Implicit mode ON; LaTeX internals redefined.
Package hyperref Info: Bookmarks ON on input line 4788.
\c@Hy@tempcnt=\count109

(C:\Users\Maciek^M\AppData\Roaming\MiKTeX\2.9\tex\latex\url\url.sty
\Urlmuskip=\muskip11
Package: url 2013/09/16  ver 3.4  Verb mode for urls, etc.
)
LaTeX Info: Redefining \url on input line 5141.
\XeTeXLinkMargin=\dimen132
\Fld@menulength=\count110
\Field@Width=\dimen133
\Fld@charsize=\dimen134
Package hyperref Info: Hyper figures OFF on input line 6396.
Package hyperref Info: Link nesting OFF on input line 6401.
Package hyperref Info: Hyper index ON on input line 6404.
Package hyperref Info: backreferencing OFF on input line 6411.
Package hyperref Info: Link coloring OFF on input line 6416.
Package hyperref Info: Link coloring with OCG OFF on input line 6421.
Package hyperref Info: PDF/A mode OFF on input line 6426.
LaTeX Info: Redefining \ref on input line 6466.
LaTeX Info: Redefining \pageref on input line 6470.
\Hy@abspage=\count111
\c@Item=\count112
\c@Hfootnote=\count113
)
Package hyperref Info: Driver (autodetected): hpdftex.

("C:\Program Files\MiKTeX 2.9\tex\latex\hyperref\hpdftex.def"
File: hpdftex.def 2018/09/30 v6.88a Hyperref driver for pdfTeX
\Fld@listcount=\count114
\c@bookmark@seq@number=\count115

("C:\Program Files\MiKTeX 2.9\tex\latex\oberdiek\rerunfilecheck.sty"
Package: rerunfilecheck 2016/05/16 v1.8 Rerun checks for auxiliary files (HO)
Package uniquecounter Info: New unique counter `rerunfilecheck' on input line 2
82.
)
\Hy@SectionHShift=\skip47
)
("C:\Program Files\MiKTeX 2.9\tex\latex\tools\tabularx.sty"
Package: tabularx 2016/02/03 v2.11b `tabularx' package (DPC)

("C:\Program Files\MiKTeX 2.9\tex\latex\tools\array.sty"
Package: array 2018/04/30 v2.4h Tabular extension package (FMi)
\col@sep=\dimen135
\ar@mcellbox=\box30
\extrarowheight=\dimen136
\NC@list=\toks25
\extratabsurround=\skip48
\backup@length=\skip49
\ar@cellbox=\box31
)
\TX@col@width=\dimen137
\TX@old@table=\dimen138
\TX@old@col=\dimen139
\TX@target=\dimen140
\TX@delta=\dimen141
\TX@cols=\count116
\TX@ftn=\toks26
)
(C:\Users\Maciek^M\AppData\Roaming\MiKTeX\2.9\tex\latex\fancyhdr\fancyhdr.sty
Package: fancyhdr 2019/01/31 v3.10 Extensive control of page headers and footer
s
\f@nch@headwidth=\skip50
\f@nch@O@elh=\skip51
\f@nch@O@erh=\skip52
\f@nch@O@olh=\skip53
\f@nch@O@orh=\skip54
\f@nch@O@elf=\skip55
\f@nch@O@erf=\skip56
\f@nch@O@olf=\skip57
\f@nch@O@orf=\skip58
)
(C:\Users\Maciek^M\AppData\Roaming\MiKTeX\2.9\tex\latex\setspace\setspace.sty
Package: setspace 2011/12/19 v6.7a set line spacing
)
\c@stat=\count117
\c@theorem=\count118
\c@defi=\count119
\c@ex=\count120
\c@fact=\count121

(C:\Users\Maciek^M\AppData\Roaming\MiKTeX\2.9\tex\latex\upquote\upquote.sty
Package: upquote 2012/04/19 v1.3 upright-quote and grave-accent glyphs in verba
tim

("C:\Program Files\MiKTeX 2.9\tex\latex\base\textcomp.sty"
Package: textcomp 2017/04/05 v2.0i Standard LaTeX package
Package textcomp Info: Sub-encoding information:
(textcomp)               5 = only ISO-Adobe without \textcurrency
(textcomp)               4 = 5 + \texteuro
(textcomp)               3 = 4 + \textohm
(textcomp)               2 = 3 + \textestimated + \textcurrency
(textcomp)               1 = TS1 - \textcircled - \t
(textcomp)               0 = TS1 (full)
(textcomp)             Font families with sub-encoding setting implement
(textcomp)             only a restricted character set as indicated.
(textcomp)             Family '?' is the default used for unknown fonts.
(textcomp)             See the documentation for details.
Package textcomp Info: Setting ? sub-encoding to TS1/1 on input line 79.

("C:\Program Files\MiKTeX 2.9\tex\latex\base\ts1enc.def"
File: ts1enc.def 2001/06/05 v3.0e (jk/car/fm) Standard LaTeX file
Now handling font encoding TS1 ...
... processing UTF-8 mapping file for font encoding TS1

("C:\Program Files\MiKTeX 2.9\tex\latex\base\ts1enc.dfu"
File: ts1enc.dfu 2018/04/05 v1.2c UTF-8 support for inputenc
   defining Unicode char U+00A2 (decimal 162)
   defining Unicode char U+00A3 (decimal 163)
   defining Unicode char U+00A4 (decimal 164)
   defining Unicode char U+00A5 (decimal 165)
   defining Unicode char U+00A6 (decimal 166)
   defining Unicode char U+00A7 (decimal 167)
   defining Unicode char U+00A8 (decimal 168)
   defining Unicode char U+00A9 (decimal 169)
   defining Unicode char U+00AA (decimal 170)
   defining Unicode char U+00AC (decimal 172)
   defining Unicode char U+00AE (decimal 174)
   defining Unicode char U+00AF (decimal 175)
   defining Unicode char U+00B0 (decimal 176)
   defining Unicode char U+00B1 (decimal 177)
   defining Unicode char U+00B2 (decimal 178)
   defining Unicode char U+00B3 (decimal 179)
   defining Unicode char U+00B4 (decimal 180)
   defining Unicode char U+00B5 (decimal 181)
   defining Unicode char U+00B6 (decimal 182)
   defining Unicode char U+00B7 (decimal 183)
   defining Unicode char U+00B9 (decimal 185)
   defining Unicode char U+00BA (decimal 186)
   defining Unicode char U+00BC (decimal 188)
   defining Unicode char U+00BD (decimal 189)
   defining Unicode char U+00BE (decimal 190)
   defining Unicode char U+00D7 (decimal 215)
   defining Unicode char U+00F7 (decimal 247)
   defining Unicode char U+0192 (decimal 402)
   defining Unicode char U+02C7 (decimal 711)
   defining Unicode char U+02D8 (decimal 728)
   defining Unicode char U+02DD (decimal 733)
   defining Unicode char U+0E3F (decimal 3647)
   defining Unicode char U+2016 (decimal 8214)
   defining Unicode char U+2020 (decimal 8224)
   defining Unicode char U+2021 (decimal 8225)
   defining Unicode char U+2022 (decimal 8226)
   defining Unicode char U+2030 (decimal 8240)
   defining Unicode char U+2031 (decimal 8241)
   defining Unicode char U+203B (decimal 8251)
   defining Unicode char U+203D (decimal 8253)
   defining Unicode char U+2044 (decimal 8260)
   defining Unicode char U+204E (decimal 8270)
   defining Unicode char U+2052 (decimal 8274)
   defining Unicode char U+20A1 (decimal 8353)
   defining Unicode char U+20A4 (decimal 8356)
   defining Unicode char U+20A6 (decimal 8358)
   defining Unicode char U+20A9 (decimal 8361)
   defining Unicode char U+20AB (decimal 8363)
   defining Unicode char U+20AC (decimal 8364)
   defining Unicode char U+20B1 (decimal 8369)
   defining Unicode char U+2103 (decimal 8451)
   defining Unicode char U+2116 (decimal 8470)
   defining Unicode char U+2117 (decimal 8471)
   defining Unicode char U+211E (decimal 8478)
   defining Unicode char U+2120 (decimal 8480)
   defining Unicode char U+2122 (decimal 8482)
   defining Unicode char U+2126 (decimal 8486)
   defining Unicode char U+2127 (decimal 8487)
   defining Unicode char U+212E (decimal 8494)
   defining Unicode char U+2190 (decimal 8592)
   defining Unicode char U+2191 (decimal 8593)
   defining Unicode char U+2192 (decimal 8594)
   defining Unicode char U+2193 (decimal 8595)
   defining Unicode char U+2329 (decimal 9001)
   defining Unicode char U+232A (decimal 9002)
   defining Unicode char U+2422 (decimal 9250)
   defining Unicode char U+25E6 (decimal 9702)
   defining Unicode char U+25EF (decimal 9711)
   defining Unicode char U+266A (decimal 9834)
   defining Unicode char U+FEFF (decimal 65279)
))
LaTeX Info: Redefining \oldstylenums on input line 334.
Package textcomp Info: Setting cmr sub-encoding to TS1/0 on input line 349.
Package textcomp Info: Setting cmss sub-encoding to TS1/0 on input line 350.
Package textcomp Info: Setting cmtt sub-encoding to TS1/0 on input line 351.
Package textcomp Info: Setting cmvtt sub-encoding to TS1/0 on input line 352.
Package textcomp Info: Setting cmbr sub-encoding to TS1/0 on input line 353.
Package textcomp Info: Setting cmtl sub-encoding to TS1/0 on input line 354.
Package textcomp Info: Setting ccr sub-encoding to TS1/0 on input line 355.
Package textcomp Info: Setting ptm sub-encoding to TS1/4 on input line 356.
Package textcomp Info: Setting pcr sub-encoding to TS1/4 on input line 357.
Package textcomp Info: Setting phv sub-encoding to TS1/4 on input line 358.
Package textcomp Info: Setting ppl sub-encoding to TS1/3 on input line 359.
Package textcomp Info: Setting pag sub-encoding to TS1/4 on input line 360.
Package textcomp Info: Setting pbk sub-encoding to TS1/4 on input line 361.
Package textcomp Info: Setting pnc sub-encoding to TS1/4 on input line 362.
Package textcomp Info: Setting pzc sub-encoding to TS1/4 on input line 363.
Package textcomp Info: Setting bch sub-encoding to TS1/4 on input line 364.
Package textcomp Info: Setting put sub-encoding to TS1/5 on input line 365.
Package textcomp Info: Setting uag sub-encoding to TS1/5 on input line 366.
Package textcomp Info: Setting ugq sub-encoding to TS1/5 on input line 367.
Package textcomp Info: Setting ul8 sub-encoding to TS1/4 on input line 368.
Package textcomp Info: Setting ul9 sub-encoding to TS1/4 on input line 369.
Package textcomp Info: Setting augie sub-encoding to TS1/5 on input line 370.
Package textcomp Info: Setting dayrom sub-encoding to TS1/3 on input line 371.
Package textcomp Info: Setting dayroms sub-encoding to TS1/3 on input line 372.

Package textcomp Info: Setting pxr sub-encoding to TS1/0 on input line 373.
Package textcomp Info: Setting pxss sub-encoding to TS1/0 on input line 374.
Package textcomp Info: Setting pxtt sub-encoding to TS1/0 on input line 375.
Package textcomp Info: Setting txr sub-encoding to TS1/0 on input line 376.
Package textcomp Info: Setting txss sub-encoding to TS1/0 on input line 377.
Package textcomp Info: Setting txtt sub-encoding to TS1/0 on input line 378.
Package textcomp Info: Setting lmr sub-encoding to TS1/0 on input line 379.
Package textcomp Info: Setting lmdh sub-encoding to TS1/0 on input line 380.
Package textcomp Info: Setting lmss sub-encoding to TS1/0 on input line 381.
Package textcomp Info: Setting lmssq sub-encoding to TS1/0 on input line 382.
Package textcomp Info: Setting lmvtt sub-encoding to TS1/0 on input line 383.
Package textcomp Info: Setting lmtt sub-encoding to TS1/0 on input line 384.
Package textcomp Info: Setting qhv sub-encoding to TS1/0 on input line 385.
Package textcomp Info: Setting qag sub-encoding to TS1/0 on input line 386.
Package textcomp Info: Setting qbk sub-encoding to TS1/0 on input line 387.
Package textcomp Info: Setting qcr sub-encoding to TS1/0 on input line 388.
Package textcomp Info: Setting qcs sub-encoding to TS1/0 on input line 389.
Package textcomp Info: Setting qpl sub-encoding to TS1/0 on input line 390.
Package textcomp Info: Setting qtm sub-encoding to TS1/0 on input line 391.
Package textcomp Info: Setting qzc sub-encoding to TS1/0 on input line 392.
Package textcomp Info: Setting qhvc sub-encoding to TS1/0 on input line 393.
Package textcomp Info: Setting futs sub-encoding to TS1/4 on input line 394.
Package textcomp Info: Setting futx sub-encoding to TS1/4 on input line 395.
Package textcomp Info: Setting futj sub-encoding to TS1/4 on input line 396.
Package textcomp Info: Setting hlh sub-encoding to TS1/3 on input line 397.
Package textcomp Info: Setting hls sub-encoding to TS1/3 on input line 398.
Package textcomp Info: Setting hlst sub-encoding to TS1/3 on input line 399.
Package textcomp Info: Setting hlct sub-encoding to TS1/5 on input line 400.
Package textcomp Info: Setting hlx sub-encoding to TS1/5 on input line 401.
Package textcomp Info: Setting hlce sub-encoding to TS1/5 on input line 402.
Package textcomp Info: Setting hlcn sub-encoding to TS1/5 on input line 403.
Package textcomp Info: Setting hlcw sub-encoding to TS1/5 on input line 404.
Package textcomp Info: Setting hlcf sub-encoding to TS1/5 on input line 405.
Package textcomp Info: Setting pplx sub-encoding to TS1/3 on input line 406.
Package textcomp Info: Setting pplj sub-encoding to TS1/3 on input line 407.
Package textcomp Info: Setting ptmx sub-encoding to TS1/4 on input line 408.
Package textcomp Info: Setting ptmj sub-encoding to TS1/4 on input line 409.
))
(Bank_Marketing_PL.aux)
\openout1 = `Bank_Marketing_PL.aux'.

LaTeX Font Info:    Checking defaults for OML/cmm/m/it on input line 80.
LaTeX Font Info:    ... okay on input line 80.
LaTeX Font Info:    Checking defaults for T1/cmr/m/n on input line 80.
LaTeX Font Info:    ... okay on input line 80.
LaTeX Font Info:    Checking defaults for OT1/cmr/m/n on input line 80.
LaTeX Font Info:    ... okay on input line 80.
LaTeX Font Info:    Checking defaults for OMS/cmsy/m/n on input line 80.
LaTeX Font Info:    ... okay on input line 80.
LaTeX Font Info:    Checking defaults for OMX/cmex/m/n on input line 80.
LaTeX Font Info:    ... okay on input line 80.
LaTeX Font Info:    Checking defaults for U/cmr/m/n on input line 80.
LaTeX Font Info:    ... okay on input line 80.
LaTeX Font Info:    Checking defaults for PD1/pdf/m/n on input line 80.
LaTeX Font Info:    ... okay on input line 80.
LaTeX Font Info:    Checking defaults for TS1/cmr/m/n on input line 80.
LaTeX Font Info:    Try loading font information for TS1+cmr on input line 80.
 ("C:\Program Files\MiKTeX 2.9\tex\latex\base\ts1cmr.fd"
File: ts1cmr.fd 2014/09/29 v2.5h Standard LaTeX font definitions
)
LaTeX Font Info:    ... okay on input line 80.
LaTeX Font Info:    Try loading font information for T1+lmr on input line 80.
 ("C:\Program Files\MiKTeX 2.9\tex\latex\lm\t1lmr.fd"
File: t1lmr.fd 2009/10/30 v1.6 Font defs for Latin Modern
)
(C:\Users\Maciek^M\AppData\Roaming\MiKTeX\2.9\tex\context\base\supp-pdf.mkii
[Loading MPS to PDF converter (version 2006.09.02).]
\scratchcounter=\count122
\scratchdimen=\dimen142
\scratchbox=\box32
\nofMPsegments=\count123
\nofMParguments=\count124
\everyMPshowfont=\toks27
\MPscratchCnt=\count125
\MPscratchDim=\dimen143
\MPnumerator=\count126
\makeMPintoPDFobject=\count127
\everyMPtoPDFconversion=\toks28
) ("C:\Program Files\MiKTeX 2.9\tex\latex\oberdiek\epstopdf-base.sty"
Package: epstopdf-base 2016/05/15 v2.6 Base part for package epstopdf

("C:\Program Files\MiKTeX 2.9\tex\latex\oberdiek\grfext.sty"
Package: grfext 2016/05/16 v1.2 Manage graphics extensions (HO)
)
Package epstopdf-base Info: Redefining graphics rule for `.eps' on input line 4
38.
Package grfext Info: Graphics extension search list:
(grfext)             [.pdf,.png,.jpg,.mps,.jpeg,.jbig2,.jb2,.PDF,.PNG,.JPG,.JPE
G,.JBIG2,.JB2,.eps]
(grfext)             \AppendGraphicsExtensions on input line 456.
)
*geometry* driver: auto-detecting
*geometry* detected driver: pdftex
*geometry* verbose mode - [ preamble ] result:
* driver: pdftex
* paper: a4paper
* layout: <same size as paper>
* layoutoffset:(h,v)=(0.0pt,0.0pt)
* modes: 
* h-part:(L,W,R)=(63.87643pt, 469.75499pt, 63.87645pt)
* v-part:(T,H,B)=(63.39273pt, 686.56499pt, 95.08913pt)
* \paperwidth=597.50787pt
* \paperheight=845.04684pt
* \textwidth=469.75499pt
* \textheight=686.56499pt
* \oddsidemargin=-8.39355pt
* \evensidemargin=-8.39355pt
* \topmargin=-45.87726pt
* \headheight=12.0pt
* \headsep=25.0pt
* \topskip=11.0pt
* \footskip=30.0pt
* \marginparwidth=59.0pt
* \marginparsep=10.0pt
* \columnsep=10.0pt
* \skip\footins=10.0pt plus 4.0pt minus 2.0pt
* \hoffset=0.0pt
* \voffset=0.0pt
* \mag=1000
* \@twocolumnfalse
* \@twosidefalse
* \@mparswitchfalse
* \@reversemarginfalse
* (1in=72.27pt=25.4mm, 1cm=28.453pt)

\AtBeginShipoutBox=\box33
Package hyperref Info: Link coloring OFF on input line 80.
("C:\Program Files\MiKTeX 2.9\tex\latex\hyperref\nameref.sty"
Package: nameref 2016/05/21 v2.44 Cross-referencing by name of section

("C:\Program Files\MiKTeX 2.9\tex\generic\oberdiek\gettitlestring.sty"
Package: gettitlestring 2016/05/16 v1.5 Cleanup title references (HO)
)
\c@section@level=\count128
)
LaTeX Info: Redefining \ref on input line 80.
LaTeX Info: Redefining \pageref on input line 80.
LaTeX Info: Redefining \nameref on input line 80.

(Bank_Marketing_PL.out) (Bank_Marketing_PL.out)
\@outlinefile=\write3
\openout3 = `Bank_Marketing_PL.out'.

LaTeX Font Info:    Try loading font information for OT1+lmr on input line 86.

("C:\Program Files\MiKTeX 2.9\tex\latex\lm\ot1lmr.fd"
File: ot1lmr.fd 2009/10/30 v1.6 Font defs for Latin Modern
)
LaTeX Font Info:    Try loading font information for OML+lmm on input line 86.

("C:\Program Files\MiKTeX 2.9\tex\latex\lm\omllmm.fd"
File: omllmm.fd 2009/10/30 v1.6 Font defs for Latin Modern
)
LaTeX Font Info:    Try loading font information for OMS+lmsy on input line 86.


("C:\Program Files\MiKTeX 2.9\tex\latex\lm\omslmsy.fd"
File: omslmsy.fd 2009/10/30 v1.6 Font defs for Latin Modern
)
LaTeX Font Info:    Try loading font information for OMX+lmex on input line 86.


("C:\Program Files\MiKTeX 2.9\tex\latex\lm\omxlmex.fd"
File: omxlmex.fd 2009/10/30 v1.6 Font defs for Latin Modern
)
LaTeX Font Info:    External font `lmex10' loaded for size
(Font)              <12> on input line 86.
LaTeX Font Info:    External font `lmex10' loaded for size
(Font)              <8> on input line 86.
LaTeX Font Info:    External font `lmex10' loaded for size
(Font)              <6> on input line 86.
LaTeX Font Info:    Try loading font information for U+msa on input line 86.

("C:\Program Files\MiKTeX 2.9\tex\latex\amsfonts\umsa.fd"
File: umsa.fd 2013/01/14 v3.01 AMS symbols A
)
LaTeX Font Info:    Try loading font information for U+msb on input line 86.

("C:\Program Files\MiKTeX 2.9\tex\latex\amsfonts\umsb.fd"
File: umsb.fd 2013/01/14 v3.01 AMS symbols B
)

! Package inputenc Error: Unicode character æˆ¼ (U+623C)
(inputenc)                not set up for use with LaTeX.

See the inputenc package documentation for explanation.
Type  H <return>  for immediate help.
 ...                                              
                                                  
l.86 \abstract
              {W pliku Bank Marketing data.csv znajdujæˆ¼ã¸¹ siæ”¼ã¹¡ dane c...

You may provide a definition with
\DeclareUnicodeCharacter 


! Package inputenc Error: Unicode character ã¸³ (U+3E33)
(inputenc)                not set up for use with LaTeX.

See the inputenc package documentation for explanation.
Type  H <return>  for immediate help.
 ...                                              
                                                  
l.86 \abstract
              {W pliku Bank Marketing data.csv znajdujæˆ¼ã¸¹ siæ”¼ã¹¡ dane c...

You may provide a definition with
\DeclareUnicodeCharacter 


! Package inputenc Error: Unicode character æˆ¼ (U+623C)
(inputenc)                not set up for use with LaTeX.

See the inputenc package documentation for explanation.
Type  H <return>  for immediate help.
 ...                                              
                                                  
l.86 ...W pliku Bank Marketing data.csv znajdujæˆ¼
                                                  ã¸¹ siæ”¼ã¹¡ dane charakte...

You may provide a definition with
\DeclareUnicodeCharacter 


! Package inputenc Error: Unicode character ã¸¹ (U+3E39)
(inputenc)                not set up for use with LaTeX.

See the inputenc package documentation for explanation.
Type  H <return>  for immediate help.
 ...                                              
                                                  
l.86 ...liku Bank Marketing data.csv znajdujæˆ¼ã¸¹
                                                   siæ”¼ã¹¡ dane charakteryz...

You may provide a definition with
\DeclareUnicodeCharacter 


! Package inputenc Error: Unicode character æ”¼ (U+653C)
(inputenc)                not set up for use with LaTeX.

See the inputenc package documentation for explanation.
Type  H <return>  for immediate help.
 ...                                              
                                                  
l.86 ...ank Marketing data.csv znajdujæˆ¼ã¸¹ siæ”¼
                                                  ã¹¡ dane charakteryzujæˆ¼ã...

You may provide a definition with
\DeclareUnicodeCharacter 


! Package inputenc Error: Unicode character ã¹¡ (U+3E61)
(inputenc)                not set up for use with LaTeX.

See the inputenc package documentation for explanation.
Type  H <return>  for immediate help.
 ...                                              
                                                  
l.86 ... Marketing data.csv znajdujæˆ¼ã¸¹ siæ”¼ã¹¡
                                                   dane charakteryzujæˆ¼ã¸¹c...

You may provide a definition with
\DeclareUnicodeCharacter 


! Package inputenc Error: Unicode character æˆ¼ (U+623C)
(inputenc)                not set up for use with LaTeX.

See the inputenc package documentation for explanation.
Type  H <return>  for immediate help.
 ...                                              
                                                  
l.86 ...ajdujæˆ¼ã¸¹ siæ”¼ã¹¡ dane charakteryzujæˆ¼
                                                  ã¸¹ce klientæ˜¼ã¸³w pewneg...

You may provide a definition with
\DeclareUnicodeCharacter 


! Package inputenc Error: Unicode character ã¸¹ (U+3E39)
(inputenc)                not set up for use with LaTeX.

See the inputenc package documentation for explanation.
Type  H <return>  for immediate help.
 ...                                              
                                                  
l.86 ...ujæˆ¼ã¸¹ siæ”¼ã¹¡ dane charakteryzujæˆ¼ã¸¹
                                                  ce klientæ˜¼ã¸³w pewnego b...

You may provide a definition with
\DeclareUnicodeCharacter 


! Package inputenc Error: Unicode character æ˜¼ (U+663C)
(inputenc)                not set up for use with LaTeX.

See the inputenc package documentation for explanation.
Type  H <return>  for immediate help.
 ...                                              
                                                  
l.86 ...”¼ã¹¡ dane charakteryzujæˆ¼ã¸¹ce klientæ˜¼
                                                  ã¸³w pewnego banku oraz ka...

You may provide a definition with
\DeclareUnicodeCharacter 


! Package inputenc Error: Unicode character ã¸³ (U+3E33)
(inputenc)                not set up for use with LaTeX.

See the inputenc package documentation for explanation.
Type  H <return>  for immediate help.
 ...                                              
                                                  
l.86 ...¹¡ dane charakteryzujæˆ¼ã¸¹ce klientæ˜¼ã¸³
                                                  w pewnego banku oraz kampa...

You may provide a definition with
\DeclareUnicodeCharacter 


! Package inputenc Error: Unicode character æ˜¼ (U+663C)
(inputenc)                not set up for use with LaTeX.

See the inputenc package documentation for explanation.
Type  H <return>  for immediate help.
 ...                                              
                                                  
l.86 ... marketingowe skierowane do tych klientæ˜¼
                                                  ã¸³w. Doæˆ¼ã¸³æˆ¼ã¸¹czone ...

You may provide a definition with
\DeclareUnicodeCharacter 


! Package inputenc Error: Unicode character ã¸³ (U+3E33)
(inputenc)                not set up for use with LaTeX.

See the inputenc package documentation for explanation.
Type  H <return>  for immediate help.
 ...                                              
                                                  
l.86 ...rketingowe skierowane do tych klientæ˜¼ã¸³
                                                  w. Doæˆ¼ã¸³æˆ¼ã¸¹czone sæˆ...

You may provide a definition with
\DeclareUnicodeCharacter 


! Package inputenc Error: Unicode character æˆ¼ (U+623C)
(inputenc)                not set up for use with LaTeX.

See the inputenc package documentation for explanation.
Type  H <return>  for immediate help.
 ...                                              
                                                  
l.86 ...we skierowane do tych klientæ˜¼ã¸³w. Doæˆ¼
                                                  ã¸³æˆ¼ã¸¹czone sæˆ¼ã¸¹ pon...

You may provide a definition with
\DeclareUnicodeCharacter 


! Package inputenc Error: Unicode character ã¸³ (U+3E33)
(inputenc)                not set up for use with LaTeX.

See the inputenc package documentation for explanation.
Type  H <return>  for immediate help.
 ...                                              
                                                  
l.86 ...skierowane do tych klientæ˜¼ã¸³w. Doæˆ¼ã¸³
                                                  æˆ¼ã¸¹czone sæˆ¼ã¸¹ ponadt...

You may provide a definition with
\DeclareUnicodeCharacter 


! Package inputenc Error: Unicode character æˆ¼ (U+623C)
(inputenc)                not set up for use with LaTeX.

See the inputenc package documentation for explanation.
Type  H <return>  for immediate help.
 ...                                              
                                                  
l.86 ...erowane do tych klientæ˜¼ã¸³w. Doæˆ¼ã¸³æˆ¼
                                                  ã¸¹czone sæˆ¼ã¸¹ ponadto w...

You may provide a definition with
\DeclareUnicodeCharacter 


! Package inputenc Error: Unicode character ã¸¹ (U+3E39)
(inputenc)                not set up for use with LaTeX.

See the inputenc package documentation for explanation.
Type  H <return>  for immediate help.
 ...                                              
                                                  
l.86 ...wane do tych klientæ˜¼ã¸³w. Doæˆ¼ã¸³æˆ¼ã¸¹
                                                  czone sæˆ¼ã¸¹ ponadto wska...

You may provide a definition with
\DeclareUnicodeCharacter 


! Package inputenc Error: Unicode character æˆ¼ (U+623C)
(inputenc)                not set up for use with LaTeX.

See the inputenc package documentation for explanation.
Type  H <return>  for immediate help.
 ...                                              
                                                  
l.86 ...ch klientæ˜¼ã¸³w. Doæˆ¼ã¸³æˆ¼ã¸¹czone sæˆ¼
                                                  ã¸¹ ponadto wskaã¤¼ã¹¦niki...

You may provide a definition with
\DeclareUnicodeCharacter 


! Package inputenc Error: Unicode character ã¸¹ (U+3E39)
(inputenc)                not set up for use with LaTeX.

See the inputenc package documentation for explanation.
Type  H <return>  for immediate help.
 ...                                              
                                                  
l.86 ...klientæ˜¼ã¸³w. Doæˆ¼ã¸³æˆ¼ã¸¹czone sæˆ¼ã¸¹
                                                   ponadto wskaã¤¼ã¹¦niki sp...

You may provide a definition with
\DeclareUnicodeCharacter 


! Package inputenc Error: Unicode character ã¤¼ (U+393C)
(inputenc)                not set up for use with LaTeX.

See the inputenc package documentation for explanation.
Type  H <return>  for immediate help.
 ...                                              
                                                  
l.86 ...oæˆ¼ã¸³æˆ¼ã¸¹czone sæˆ¼ã¸¹ ponadto wskaã¤¼
                                                  ã¹¦niki spoæˆ¼ã¸³eczne i e...

You may provide a definition with
\DeclareUnicodeCharacter 


! Package inputenc Error: Unicode character ã¹¦ (U+3E66)
(inputenc)                not set up for use with LaTeX.

See the inputenc package documentation for explanation.
Type  H <return>  for immediate help.
 ...                                              
                                                  
l.86 ...¼ã¸³æˆ¼ã¸¹czone sæˆ¼ã¸¹ ponadto wskaã¤¼ã¹¦
                                                  niki spoæˆ¼ã¸³eczne i ekon...

You may provide a definition with
\DeclareUnicodeCharacter 


! Package inputenc Error: Unicode character æˆ¼ (U+623C)
(inputenc)                not set up for use with LaTeX.

See the inputenc package documentation for explanation.
Type  H <return>  for immediate help.
 ...                                              
                                                  
l.86 ...zone sæˆ¼ã¸¹ ponadto wskaã¤¼ã¹¦niki spoæˆ¼
                                                  ã¸³eczne i ekonomiczne. Na...

You may provide a definition with
\DeclareUnicodeCharacter 


! Package inputenc Error: Unicode character ã¸³ (U+3E33)
(inputenc)                not set up for use with LaTeX.

See the inputenc package documentation for explanation.
Type  H <return>  for immediate help.
 ...                                              
                                                  
l.86 ...e sæˆ¼ã¸¹ ponadto wskaã¤¼ã¹¦niki spoæˆ¼ã¸³
                                                  eczne i ekonomiczne. Na po...

You may provide a definition with
\DeclareUnicodeCharacter 


! Package inputenc Error: Unicode character æˆ¼ (U+623C)
(inputenc)                not set up for use with LaTeX.

See the inputenc package documentation for explanation.
Type  H <return>  for immediate help.
 ...                                              
                                                  
l.86 ...nomiczne. Na podstawie tych danych naleæˆ¼
                                                  ã¹¦y zbudowaæ”¼ã¸¶ model p...

You may provide a definition with
\DeclareUnicodeCharacter 


! Package inputenc Error: Unicode character ã¹¦ (U+3E66)
(inputenc)                not set up for use with LaTeX.

See the inputenc package documentation for explanation.
Type  H <return>  for immediate help.
 ...                                              
                                                  
l.86 ...iczne. Na podstawie tych danych naleæˆ¼ã¹¦
                                                  y zbudowaæ”¼ã¸¶ model prog...

You may provide a definition with
\DeclareUnicodeCharacter 


! Package inputenc Error: Unicode character æ”¼ (U+653C)
(inputenc)                not set up for use with LaTeX.

See the inputenc package documentation for explanation.
Type  H <return>  for immediate help.
 ...                                              
                                                  
l.86 ...dstawie tych danych naleæˆ¼ã¹¦y zbudowaæ”¼
                                                  ã¸¶ model prognozujæˆ¼ã¸¹c...

You may provide a definition with
\DeclareUnicodeCharacter 


! Package inputenc Error: Unicode character ã¸¶ (U+3E36)
(inputenc)                not set up for use with LaTeX.

See the inputenc package documentation for explanation.
Type  H <return>  for immediate help.
 ...                                              
                                                  
l.86 ...awie tych danych naleæˆ¼ã¹¦y zbudowaæ”¼ã¸¶
                                                   model prognozujæˆ¼ã¸¹cy s...

You may provide a definition with
\DeclareUnicodeCharacter 


! Package inputenc Error: Unicode character æˆ¼ (U+623C)
(inputenc)                not set up for use with LaTeX.

See the inputenc package documentation for explanation.
Type  H <return>  for immediate help.
 ...                                              
                                                  
l.86 ...leæˆ¼ã¹¦y zbudowaæ”¼ã¸¶ model prognozujæˆ¼
                                                  ã¸¹cy szansæ”¼ã¹¡, æˆ¼ã¹¦e...

You may provide a definition with
\DeclareUnicodeCharacter 


! Package inputenc Error: Unicode character ã¸¹ (U+3E39)
(inputenc)                not set up for use with LaTeX.

See the inputenc package documentation for explanation.
Type  H <return>  for immediate help.
 ...                                              
                                                  
l.86 ...ˆ¼ã¹¦y zbudowaæ”¼ã¸¶ model prognozujæˆ¼ã¸¹
                                                  cy szansæ”¼ã¹¡, æˆ¼ã¹¦e kl...

You may provide a definition with
\DeclareUnicodeCharacter 


! Package inputenc Error: Unicode character æ”¼ (U+653C)
(inputenc)                not set up for use with LaTeX.

See the inputenc package documentation for explanation.
Type  H <return>  for immediate help.
 ...                                              
                                                  
l.86 ...owaæ”¼ã¸¶ model prognozujæˆ¼ã¸¹cy szansæ”¼
                                                  ã¹¡, æˆ¼ã¹¦e klient w wyni...

You may provide a definition with
\DeclareUnicodeCharacter 


! Package inputenc Error: Unicode character ã¹¡ (U+3E61)
(inputenc)                not set up for use with LaTeX.

See the inputenc package documentation for explanation.
Type  H <return>  for immediate help.
 ...                                              
                                                  
l.86 ...æ”¼ã¸¶ model prognozujæˆ¼ã¸¹cy szansæ”¼ã¹¡
                                                  , æˆ¼ã¹¦e klient w wyniku ...

You may provide a definition with
\DeclareUnicodeCharacter 


! Package inputenc Error: Unicode character æˆ¼ (U+623C)
(inputenc)                not set up for use with LaTeX.

See the inputenc package documentation for explanation.
Type  H <return>  for immediate help.
 ...                                              
                                                  
l.86 ...¶ model prognozujæˆ¼ã¸¹cy szansæ”¼ã¹¡, æˆ¼
                                                  ã¹¦e klient w wyniku prowa...

You may provide a definition with
\DeclareUnicodeCharacter 


! Package inputenc Error: Unicode character ã¹¦ (U+3E66)
(inputenc)                not set up for use with LaTeX.

See the inputenc package documentation for explanation.
Type  H <return>  for immediate help.
 ...                                              
                                                  
l.86 ...odel prognozujæˆ¼ã¸¹cy szansæ”¼ã¹¡, æˆ¼ã¹¦
                                                  e klient w wyniku prowadzo...

You may provide a definition with
\DeclareUnicodeCharacter 


! Package inputenc Error: Unicode character æˆ¼ (U+623C)
(inputenc)                not set up for use with LaTeX.

See the inputenc package documentation for explanation.
Type  H <return>  for immediate help.
 ...                                              
                                                  
l.86 ...klient w wyniku prowadzonej kampanii zaæˆ¼
                                                  ã¸³oæˆ¼ã¹¦y lokatæ”¼ã¹¡ te...

You may provide a definition with
\DeclareUnicodeCharacter 


! Package inputenc Error: Unicode character ã¸³ (U+3E33)
(inputenc)                not set up for use with LaTeX.

See the inputenc package documentation for explanation.
Type  H <return>  for immediate help.
 ...                                              
                                                  
l.86 ...ent w wyniku prowadzonej kampanii zaæˆ¼ã¸³
                                                  oæˆ¼ã¹¦y lokatæ”¼ã¹¡ termi...

You may provide a definition with
\DeclareUnicodeCharacter 


! Package inputenc Error: Unicode character æˆ¼ (U+623C)
(inputenc)                not set up for use with LaTeX.

See the inputenc package documentation for explanation.
Type  H <return>  for immediate help.
 ...                                              
                                                  
l.86 ...w wyniku prowadzonej kampanii zaæˆ¼ã¸³oæˆ¼
                                                  ã¹¦y lokatæ”¼ã¹¡ terminowæ...

You may provide a definition with
\DeclareUnicodeCharacter 


! Package inputenc Error: Unicode character ã¹¦ (U+3E66)
(inputenc)                not set up for use with LaTeX.

See the inputenc package documentation for explanation.
Type  H <return>  for immediate help.
 ...                                              
                                                  
l.86 ...yniku prowadzonej kampanii zaæˆ¼ã¸³oæˆ¼ã¹¦
                                                  y lokatæ”¼ã¹¡ terminowæˆ¼ã...

You may provide a definition with
\DeclareUnicodeCharacter 


! Package inputenc Error: Unicode character æ”¼ (U+653C)
(inputenc)                not set up for use with LaTeX.

See the inputenc package documentation for explanation.
Type  H <return>  for immediate help.
 ...                                              
                                                  
l.86 ...adzonej kampanii zaæˆ¼ã¸³oæˆ¼ã¹¦y lokatæ”¼
                                                  ã¹¡ terminowæˆ¼ã¸¹.}
You may provide a definition with
\DeclareUnicodeCharacter 


! Package inputenc Error: Unicode character ã¹¡ (U+3E61)
(inputenc)                not set up for use with LaTeX.

See the inputenc package documentation for explanation.
Type  H <return>  for immediate help.
 ...                                              
                                                  
l.86 ...onej kampanii zaæˆ¼ã¸³oæˆ¼ã¹¦y lokatæ”¼ã¹¡
                                                   terminowæˆ¼ã¸¹.}
You may provide a definition with
\DeclareUnicodeCharacter 


! Package inputenc Error: Unicode character æˆ¼ (U+623C)
(inputenc)                not set up for use with LaTeX.

See the inputenc package documentation for explanation.
Type  H <return>  for immediate help.
 ...                                              
                                                  
l.86 ...i zaæˆ¼ã¸³oæˆ¼ã¹¦y lokatæ”¼ã¹¡ terminowæˆ¼
                                                  ã¸¹.}
You may provide a definition with
\DeclareUnicodeCharacter 


! Package inputenc Error: Unicode character ã¸¹ (U+3E39)
(inputenc)                not set up for use with LaTeX.

See the inputenc package documentation for explanation.
Type  H <return>  for immediate help.
 ...                                              
                                                  
l.86 ...aæˆ¼ã¸³oæˆ¼ã¹¦y lokatæ”¼ã¹¡ terminowæˆ¼ã¸¹
                                                  .}
You may provide a definition with
\DeclareUnicodeCharacter 

(Bank_Marketing_PL.toc
LaTeX Font Info:    External font `lmex10' loaded for size
(Font)              <10> on input line 4.
LaTeX Font Info:    External font `lmex10' loaded for size
(Font)              <7> on input line 4.
LaTeX Font Info:    External font `lmex10' loaded for size
(Font)              <5> on input line 4.


! Package inputenc Error: Unicode character \GenericError {(inputenc)          
      }{Package inputenc Error: Unicode character æ”¼ (U+653C)
(inputenc) not set up for use with LaTeX}{See the inputenc package documentatio
n for explanation.}{You may provide a definition with
(inputenc) \DeclareUnicodeCharacter } (U+653C)
(inputenc) not set up for use with LaTeX.

See the inputenc package documentation for explanation.
Type  H <return>  for immediate help.
 ...                                              
                                                  
l.6 ...}pna eksploracja danych}{2}{subsection.1.3}
                                                  
You may provide a definition with
\GenericError { }{LaTeX Error: Can be used only in preamble}{See the LaTeX manu
al or LaTeX Companion for explanation.}{Your command was ignored.
Type I <command> <return> to replace it with another command,
or <return> to continue without it.}


! Package inputenc Error: Unicode character \GenericError {(inputenc)          
      }{Package inputenc Error: Unicode character ã¹¡ (U+3E61)
(inputenc) not set up for use with LaTeX}{See the inputenc package documentatio
n for explanation.}{You may provide a definition with
(inputenc) \DeclareUnicodeCharacter } (U+3E61)
(inputenc) not set up for use with LaTeX.

See the inputenc package documentation for explanation.
Type  H <return>  for immediate help.
 ...                                              
                                                  
l.6 ...}pna eksploracja danych}{2}{subsection.1.3}
                                                  
You may provide a definition with
\GenericError { }{LaTeX Error: Can be used only in preamble}{See the LaTeX manu
al or LaTeX Companion for explanation.}{Your command was ignored.
Type I <command> <return> to replace it with another command,
or <return> to continue without it.}


! Undefined control sequence.
<argument> ...ont encoding \let }\global \def \T@ 
                                                  \let \endcsname {\GenericE...
l.25 ... danych na potrzeby modeli}{19}{section.3}
                                                  
The control sequence at the end of the top line
of your error message was never \def'ed. If you have
misspelled it (e.g., `\hobx'), type `I' and the correct
spelling (e.g., `I\hbox'). Otherwise just continue,
and I'll forget about whatever was undefined.

! Undefined control sequence.
<argument> ...tinue without it.}}\global \def \M@ 
                                                  \let \endcsname {\def 7{7}...
l.25 ... danych na potrzeby modeli}{19}{section.3}
                                                  
The control sequence at the end of the top line
of your error message was never \def'ed. If you have
misspelled it (e.g., `\hobx'), type `I' and the correct
spelling (e.g., `I\hbox'). Otherwise just continue,
and I'll forget about whatever was undefined.

! Package inputenc Error: Invalid UTF-8 byte sequence.

See the inputenc package documentation for explanation.
Type  H <return>  for immediate help.
 ...                                              
                                                  
l.25 ... danych na potrzeby modeli}{19}{section.3}
                                                  
The document does not appear to be in UTF-8 encoding.
Try adding \let utf8\let \GenericError { }{LaTeX Error: Can be used only in pre
amble}{See the LaTeX manual or LaTeX Companion for explanation.}{Your command w
as ignored.
Type I <command> <return> to replace it with another command,
or <return> to continue without it.}\GenericInfo {(Font) }{LaTeX Font Info: Red
eclaring font encoding \let }\global \def \let \endcsname {\GenericError { }{La
TeX Error: Can be used only in preamble}{See the LaTeX manual or LaTeX Companio
n for explanation.}{Your command was ignored.
Type I <command> <return> to replace it with another command,
or <return> to continue without it.}}\global \def \let \endcsname {\def 7{7}}\x
def TS1{\let }\@tempcnta =1 \def \iterate {\catcode \@tempcnta =15 \advance \@t
empcnta \@ne }\iterate \let \iterate \relax \catcode 0=15 \catcode 9=10 \catcod
e 10=12 \catcode 12=13 \catcode 13=5 \@tempcnta =128 \def \iterate {\catcode \@
tempcnta =12 \advance \@tempcnta \@ne }\iterate \let \iterate \relax as the fir
st line of the file
or specify an encoding such as \GenericError { }{LaTeX Error: Can be used only 
in preamble}{See the LaTeX manual or LaTeX Companion for explanation.}{Your com
mand was ignored.
Type I <command> <return> to replace it with another command,
or <return> to continue without it.}[latin1]{inputenc}
in the document preamble.
Alternatively, save the file in UTF-8 using your editor or another tool

Runaway argument?
{\numberline {3.1}Zamiana zmiennych typu \delimiter "026A30C +charact\ETC.
! Paragraph ended before \contentsline was complete.
<to be read again> 
                   \par 
l.26 ... a bug in a package file you are using\par
                                                   } {\@@par }\def \GenericI...
I suspect you've forgotten a `}', causing me to apply this
control sequence to too much text. How can we recover?
My plan is to forget the whole thing and hope for the best.

! Extra }, or forgotten \endgroup.
l.26 ... bug in a package file you are using\par }
                                                   {\@@par }\def \GenericInf...
I've deleted a group-closing symbol because it seems to be
spurious, as in `$x}$'. But perhaps the } is legitimate and
you forgot something else, as in `\hbox{$x}'. In such cases
the way to recover is to insert both the forgotten and the
deleted material, e.g., by typing `I$}'.

! Use of   doesn't match its definition.
l.26 ...g\par } \par \def \GenericInfo { }{LaTeX I
                                                  nfo: Active EOL character ...
If you say, e.g., `\def\a1{...}', then you must always
put `1' after `\a', since control sequence names are
made up of letters only. The macro here has not been
followed by the required stuff, so I'm ignoring it.

! Use of   doesn't match its definition.
l.26 ...} \par \def \GenericInfo { }{LaTeX Info: A
                                                  ctive EOL character found ...
If you say, e.g., `\def\a1{...}', then you must always
put `1' after `\a', since control sequence names are
made up of letters only. The macro here has not been
followed by the required stuff, so I'm ignoring it.

! Use of   doesn't match its definition.
l.26 ...\def \GenericInfo { }{LaTeX Info: Active E
                                                  OL character found while o...
If you say, e.g., `\def\a1{...}', then you must always
put `1' after `\a', since control sequence names are
made up of letters only. The macro here has not been
followed by the required stuff, so I'm ignoring it.

! Use of   doesn't match its definition.
l.26 ... \GenericInfo { }{LaTeX Info: Active EOL c
                                                  haracter found while outpu...
If you say, e.g., `\def\a1{...}', then you must always
put `1' after `\a', since control sequence names are
made up of letters only. The macro here has not been
followed by the required stuff, so I'm ignoring it.

! Use of   doesn't match its definition.
l.26 ...nfo { }{LaTeX Info: Active EOL character f
                                                  ound while output routine ...
If you say, e.g., `\def\a1{...}', then you must always
put `1' after `\a', since control sequence names are
made up of letters only. The macro here has not been
followed by the required stuff, so I'm ignoring it.

! Use of   doesn't match its definition.
l.26 ...}{LaTeX Info: Active EOL character found w
                                                  hile output routine is act...
If you say, e.g., `\def\a1{...}', then you must always
put `1' after `\a', since control sequence names are
made up of letters only. The macro here has not been
followed by the required stuff, so I'm ignoring it.

! Use of   doesn't match its definition.
l.26 ...X Info: Active EOL character found while o
                                                  utput routine is active \M...
If you say, e.g., `\def\a1{...}', then you must always
put `1' after `\a', since control sequence names are
made up of letters only. The macro here has not been
followed by the required stuff, so I'm ignoring it.

! Use of   doesn't match its definition.
l.26 ... Active EOL character found while output r
                                                  outine is active \MessageB...
If you say, e.g., `\def\a1{...}', then you must always
put `1' after `\a', since control sequence names are
made up of letters only. The macro here has not been
followed by the required stuff, so I'm ignoring it.

! Use of   doesn't match its definition.
l.26 ...EOL character found while output routine i
                                                  s active \MessageBreak Thi...
If you say, e.g., `\def\a1{...}', then you must always
put `1' after `\a', since control sequence names are
made up of letters only. The macro here has not been
followed by the required stuff, so I'm ignoring it.

! Use of   doesn't match its definition.
l.26 ... character found while output routine is a
                                                  ctive \MessageBreak This m...
If you say, e.g., `\def\a1{...}', then you must always
put `1' after `\a', since control sequence names are
made up of letters only. The macro here has not been
followed by the required stuff, so I'm ignoring it.

! Use of   doesn't match its definition.
l.26 ...ile output routine is active \MessageBreak
                                                   This may be a bug in a pa...
If you say, e.g., `\def\a1{...}', then you must always
put `1' after `\a', since control sequence names are
made up of letters only. The macro here has not been
followed by the required stuff, so I'm ignoring it.

! Use of   doesn't match its definition.
l.26 ...e output routine is active \MessageBreak T
                                                  his may be a bug in a pack...
If you say, e.g., `\def\a1{...}', then you must always
put `1' after `\a', since control sequence names are
made up of letters only. The macro here has not been
followed by the required stuff, so I'm ignoring it.

! Use of   doesn't match its definition.
l.26 ...put routine is active \MessageBreak This m
                                                  ay be a bug in a package f...
If you say, e.g., `\def\a1{...}', then you must always
put `1' after `\a', since control sequence names are
made up of letters only. The macro here has not been
followed by the required stuff, so I'm ignoring it.

! Use of   doesn't match its definition.
l.26 ...routine is active \MessageBreak This may b
                                                  e a bug in a package file ...
If you say, e.g., `\def\a1{...}', then you must always
put `1' after `\a', since control sequence names are
made up of letters only. The macro here has not been
followed by the required stuff, so I'm ignoring it.

! Use of   doesn't match its definition.
l.26 ...tine is active \MessageBreak This may be a
                                                   bug in a package file you...
If you say, e.g., `\def\a1{...}', then you must always
put `1' after `\a', since control sequence names are
made up of letters only. The macro here has not been
followed by the required stuff, so I'm ignoring it.

! Use of   doesn't match its definition.
l.26 ...ne is active \MessageBreak This may be a b
                                                  ug in a package file you a...
If you say, e.g., `\def\a1{...}', then you must always
put `1' after `\a', since control sequence names are
made up of letters only. The macro here has not been
followed by the required stuff, so I'm ignoring it.

! Use of   doesn't match its definition.
l.26 ...s active \MessageBreak This may be a bug i
                                                  n a package file you are u...
If you say, e.g., `\def\a1{...}', then you must always
put `1' after `\a', since control sequence names are
made up of letters only. The macro here has not been
followed by the required stuff, so I'm ignoring it.

! Use of   doesn't match its definition.
l.26 ...ctive \MessageBreak This may be a bug in a
                                                   package file you are usin...
If you say, e.g., `\def\a1{...}', then you must always
put `1' after `\a', since control sequence names are
made up of letters only. The macro here has not been
followed by the required stuff, so I'm ignoring it.

! Use of   doesn't match its definition.
l.26 ...ive \MessageBreak This may be a bug in a p
                                                  ackage file you are using\...
If you say, e.g., `\def\a1{...}', then you must always
put `1' after `\a', since control sequence names are
made up of letters only. The macro here has not been
followed by the required stuff, so I'm ignoring it.

! Use of   doesn't match its definition.
l.26 ...sageBreak This may be a bug in a package f
                                                  ile you are using\par } {\...
If you say, e.g., `\def\a1{...}', then you must always
put `1' after `\a', since control sequence names are
made up of letters only. The macro here has not been
followed by the required stuff, so I'm ignoring it.

! Use of   doesn't match its definition.
l.26 ...reak This may be a bug in a package file y
                                                  ou are using\par } {\globa...
If you say, e.g., `\def\a1{...}', then you must always
put `1' after `\a', since control sequence names are
made up of letters only. The macro here has not been
followed by the required stuff, so I'm ignoring it.

! Use of   doesn't match its definition.
l.26 ... This may be a bug in a package file you a
                                                  re using\par } {\global \l...
If you say, e.g., `\def\a1{...}', then you must always
put `1' after `\a', since control sequence names are
made up of letters only. The macro here has not been
followed by the required stuff, so I'm ignoring it.

! Use of   doesn't match its definition.
l.26 ...s may be a bug in a package file you are u
                                                  sing\par } {\global \let \...
If you say, e.g., `\def\a1{...}', then you must always
put `1' after `\a', since control sequence names are
made up of letters only. The macro here has not been
followed by the required stuff, so I'm ignoring it.

! Use of   doesn't match its definition.
l.26 ... bug in a package file you are using\par }
                                                   {\global \let \egroup \Ge...
If you say, e.g., `\def\a1{...}', then you must always
put `1' after `\a', since control sequence names are
made up of letters only. The macro here has not been
followed by the required stuff, so I'm ignoring it.

! Use of   doesn't match its definition.
l.26 ...ug in a package file you are using\par } {
                                                  \global \let \egroup \Gene...
If you say, e.g., `\def\a1{...}', then you must always
put `1' after `\a', since control sequence names are
made up of letters only. The macro here has not been
followed by the required stuff, so I'm ignoring it.

! Use of   doesn't match its definition.
l.26 ...age file you are using\par } {\global \let
                                                   \egroup \GenericError { }...
If you say, e.g., `\def\a1{...}', then you must always
put `1' after `\a', since control sequence names are
made up of letters only. The macro here has not been
followed by the required stuff, so I'm ignoring it.

! Use of   doesn't match its definition.
l.26 ... you are using\par } {\global \let \egroup
                                                   \GenericError { }{LaTeX E...
If you say, e.g., `\def\a1{...}', then you must always
put `1' after `\a', since control sequence names are
made up of letters only. The macro here has not been
followed by the required stuff, so I'm ignoring it.

! Use of   doesn't match its definition.
l.26 ...\par } {\global \let \egroup \GenericError
                                                   { }{LaTeX Error: \verb en...
If you say, e.g., `\def\a1{...}', then you must always
put `1' after `\a', since control sequence names are
made up of letters only. The macro here has not been
followed by the required stuff, so I'm ignoring it.

! Use of   doesn't match its definition.
l.26 ...ar } {\global \let \egroup \GenericError {
                                                   }{LaTeX Error: \verb ende...
If you say, e.g., `\def\a1{...}', then you must always
put `1' after `\a', since control sequence names are
made up of letters only. The macro here has not been
followed by the required stuff, so I'm ignoring it.

! Use of   doesn't match its definition.
l.26 ... } {\global \let \egroup \GenericError { }
                                                  {LaTeX Error: \verb ended ...
If you say, e.g., `\def\a1{...}', then you must always
put `1' after `\a', since control sequence names are
made up of letters only. The macro here has not been
followed by the required stuff, so I'm ignoring it.

! You can't use a prefix with `begin-group character {'.
<to be read again> 
                   {
l.26 ...} {\global \let \egroup \GenericError { }{
                                                  LaTeX Error: \verb ended b...
I'll pretend you didn't say \long or \outer or \global or \protected.

! Use of   doesn't match its definition.
l.26 ...bal \let \egroup \GenericError { }{LaTeX E
                                                  rror: \verb ended by end o...
If you say, e.g., `\def\a1{...}', then you must always
put `1' after `\a', since control sequence names are
made up of letters only. The macro here has not been
followed by the required stuff, so I'm ignoring it.

! Use of   doesn't match its definition.
l.26 ...group \GenericError { }{LaTeX Error: \verb
                                                   ended by end of line}{See...
If you say, e.g., `\def\a1{...}', then you must always
put `1' after `\a', since control sequence names are
made up of letters only. The macro here has not been
followed by the required stuff, so I'm ignoring it.

! Use of   doesn't match its definition.
l.26 ...oup \GenericError { }{LaTeX Error: \verb e
                                                  nded by end of line}{See t...
If you say, e.g., `\def\a1{...}', then you must always
put `1' after `\a', since control sequence names are
made up of letters only. The macro here has not been
followed by the required stuff, so I'm ignoring it.

! Use of   doesn't match its definition.
l.26 ...enericError { }{LaTeX Error: \verb ended b
                                                  y end of line}{See the LaT...
If you say, e.g., `\def\a1{...}', then you must always
put `1' after `\a', since control sequence names are
made up of letters only. The macro here has not been
followed by the required stuff, so I'm ignoring it.

! Use of   doesn't match its definition.
l.26 ...ricError { }{LaTeX Error: \verb ended by e
                                                  nd of line}{See the LaTeX ...
If you say, e.g., `\def\a1{...}', then you must always
put `1' after `\a', since control sequence names are
made up of letters only. The macro here has not been
followed by the required stuff, so I'm ignoring it.

! Use of   doesn't match its definition.
l.26 ...rror { }{LaTeX Error: \verb ended by end o
                                                  f line}{See the LaTeX manu...
If you say, e.g., `\def\a1{...}', then you must always
put `1' after `\a', since control sequence names are
made up of letters only. The macro here has not been
followed by the required stuff, so I'm ignoring it.

! Use of   doesn't match its definition.
l.26 ...r { }{LaTeX Error: \verb ended by end of l
                                                  ine}{See the LaTeX manual ...
If you say, e.g., `\def\a1{...}', then you must always
put `1' after `\a', since control sequence names are
made up of letters only. The macro here has not been
followed by the required stuff, so I'm ignoring it.

! Use of   doesn't match its definition.
l.26 ...X Error: \verb ended by end of line}{See t
                                                  he LaTeX manual or LaTeX C...
If you say, e.g., `\def\a1{...}', then you must always
put `1' after `\a', since control sequence names are
made up of letters only. The macro here has not been
followed by the required stuff, so I'm ignoring it.

! Use of   doesn't match its definition.
l.26 ...ror: \verb ended by end of line}{See the L
                                                  aTeX manual or LaTeX Compa...
If you say, e.g., `\def\a1{...}', then you must always
put `1' after `\a', since control sequence names are
made up of letters only. The macro here has not been
followed by the required stuff, so I'm ignoring it.

! Use of   doesn't match its definition.
l.26 ...verb ended by end of line}{See the LaTeX m
                                                  anual or LaTeX Companion f...
If you say, e.g., `\def\a1{...}', then you must always
put `1' after `\a', since control sequence names are
made up of letters only. The macro here has not been
followed by the required stuff, so I'm ignoring it.

! Use of   doesn't match its definition.
l.26 ...ded by end of line}{See the LaTeX manual o
                                                  r LaTeX Companion for expl...
If you say, e.g., `\def\a1{...}', then you must always
put `1' after `\a', since control sequence names are
made up of letters only. The macro here has not been
followed by the required stuff, so I'm ignoring it.

! Use of   doesn't match its definition.
l.26 ... by end of line}{See the LaTeX manual or L
                                                  aTeX Companion for explana...
If you say, e.g., `\def\a1{...}', then you must always
put `1' after `\a', since control sequence names are
made up of letters only. The macro here has not been
followed by the required stuff, so I'm ignoring it.

! Use of   doesn't match its definition.
l.26 ...d of line}{See the LaTeX manual or LaTeX C
                                                  ompanion for explanation.}...
If you say, e.g., `\def\a1{...}', then you must always
put `1' after `\a', since control sequence names are
made up of letters only. The macro here has not been
followed by the required stuff, so I'm ignoring it.

! Use of   doesn't match its definition.
l.26 ...{See the LaTeX manual or LaTeX Companion f
                                                  or explanation.}{Try typin...
If you say, e.g., `\def\a1{...}', then you must always
put `1' after `\a', since control sequence names are
made up of letters only. The macro here has not been
followed by the required stuff, so I'm ignoring it.

! Use of   doesn't match its definition.
l.26 ... the LaTeX manual or LaTeX Companion for e
                                                  xplanation.}{Try typing <r...
If you say, e.g., `\def\a1{...}', then you must always
put `1' after `\a', since control sequence names are
made up of letters only. The macro here has not been
followed by the required stuff, so I'm ignoring it.

! Use of   doesn't match its definition.
l.26 ...or LaTeX Companion for explanation.}{Try t
                                                  yping <return> to proceed....
If you say, e.g., `\def\a1{...}', then you must always
put `1' after `\a', since control sequence names are
made up of letters only. The macro here has not been
followed by the required stuff, so I'm ignoring it.

! Use of   doesn't match its definition.
l.26 ...X Companion for explanation.}{Try typing <
                                                  return> to proceed.\Messag...
If you say, e.g., `\def\a1{...}', then you must always
put `1' after `\a', since control sequence names are
made up of letters only. The macro here has not been
followed by the required stuff, so I'm ignoring it.

! Use of   doesn't match its definition.
l.26 ...on for explanation.}{Try typing <return> t
                                                  o proceed.\MessageBreak If...
If you say, e.g., `\def\a1{...}', then you must always
put `1' after `\a', since control sequence names are
made up of letters only. The macro here has not been
followed by the required stuff, so I'm ignoring it.

! Use of   doesn't match its definition.
l.26 ...for explanation.}{Try typing <return> to p
                                                  roceed.\MessageBreak If th...
If you say, e.g., `\def\a1{...}', then you must always
put `1' after `\a', since control sequence names are
made up of letters only. The macro here has not been
followed by the required stuff, so I'm ignoring it.

! Use of   doesn't match its definition.
l.26 ...typing <return> to proceed.\MessageBreak I
                                                  f that doesn't work, type ...
If you say, e.g., `\def\a1{...}', then you must always
put `1' after `\a', since control sequence names are
made up of letters only. The macro here has not been
followed by the required stuff, so I'm ignoring it.

! Use of   doesn't match its definition.
l.26 ...ing <return> to proceed.\MessageBreak If t
                                                  hat doesn't work, type X <...
If you say, e.g., `\def\a1{...}', then you must always
put `1' after `\a', since control sequence names are
made up of letters only. The macro here has not been
followed by the required stuff, so I'm ignoring it.

! Use of   doesn't match its definition.
l.26 ...return> to proceed.\MessageBreak If that d
                                                  oesn't work, type X <retur...
If you say, e.g., `\def\a1{...}', then you must always
put `1' after `\a', since control sequence names are
made up of letters only. The macro here has not been
followed by the required stuff, so I'm ignoring it.

! Use of   doesn't match its definition.
l.26 ...to proceed.\MessageBreak If that doesn't w
                                                  ork, type X <return> to qu...
If you say, e.g., `\def\a1{...}', then you must always
put `1' after `\a', since control sequence names are
made up of letters only. The macro here has not been
followed by the required stuff, so I'm ignoring it.

! Use of   doesn't match its definition.
l.26 ...ceed.\MessageBreak If that doesn't work, t
                                                  ype X <return> to quit.}}\...
If you say, e.g., `\def\a1{...}', then you must always
put `1' after `\a', since control sequence names are
made up of letters only. The macro here has not been
followed by the required stuff, so I'm ignoring it.

! Use of   doesn't match its definition.
l.26 ...\MessageBreak If that doesn't work, type X
                                                   <return> to quit.}}\let \...
If you say, e.g., `\def\a1{...}', then you must always
put `1' after `\a', since control sequence names are
made up of letters only. The macro here has not been
followed by the required stuff, so I'm ignoring it.

! Use of   doesn't match its definition.
l.26 ...essageBreak If that doesn't work, type X <
                                                  return> to quit.}}\let \@m...
If you say, e.g., `\def\a1{...}', then you must always
put `1' after `\a', since control sequence names are
made up of letters only. The macro here has not been
followed by the required stuff, so I'm ignoring it.

! Use of   doesn't match its definition.
l.26 ...ak If that doesn't work, type X <return> t
                                                  o quit.}}\let \@makeother ...
If you say, e.g., `\def\a1{...}', then you must always
put `1' after `\a', since control sequence names are
made up of letters only. The macro here has not been
followed by the required stuff, so I'm ignoring it.

! Use of   doesn't match its definition.
l.26 ...If that doesn't work, type X <return> to q
                                                  uit.}}\let \@makeother \ \...
If you say, e.g., `\def\a1{...}', then you must always
put `1' after `\a', since control sequence names are
made up of letters only. The macro here has not been
followed by the required stuff, so I'm ignoring it.


! \accent@spacefactor .

\%
Type  H <return>  for immediate help.
 ...                                              
                                                  
l.26 ....}}\let \@makeother \ \\\{\}\$\&\#\^\_\%\~
                                                  \"\normalfont \ttfamily \l...

\~


! \accent@spacefactor .

 
Type  H <return>  for immediate help.
 ...                                              
                                                  
l.26 ...\\{\}\$\&\#\^\_\%\~\"\normalfont \ttfamily
                                                   \let \do@noligs \`\<\>\,\...

\ttfamily 

! Missing control sequence inserted.
<inserted text> 
                \inaccessible 
l.26 ...$\&\#\^\_\%\~\"\normalfont \ttfamily \let 
                                                  \do@noligs \`\<\>\,\'\-\le...
Please don't say `\def cs{...}', say `\def\cs{...}'.
I've inserted an inaccessible control sequence so that your
definition will be completed without mixing me up too badly.
You can recover graciously from this error, if you're
careful; see exercise 27.2 in The TeXbook.

! Undefined control sequence.
<argument> \<
             
l.26 ...\normalfont \ttfamily \let \do@noligs \`\<
                                                  \>\,\'\-\let ^\bgroup \pri...
The control sequence at the end of the top line
of your error message was never \def'ed. If you have
misspelled it (e.g., `\hobx'), type `I' and the correct
spelling (e.g., `I\hbox'). Otherwise just continue,
and I'll forget about whatever was undefined.

! Undefined control sequence.
<argument> \<
             
l.26 ...\normalfont \ttfamily \let \do@noligs \`\<
                                                  \>\,\'\-\let ^\bgroup \pri...
The control sequence at the end of the top line
of your error message was never \def'ed. If you have
misspelled it (e.g., `\hobx'), type `I' and the correct
spelling (e.g., `I\hbox'). Otherwise just continue,
and I'll forget about whatever was undefined.


! \accent@spacefactor .

\mskip \medmuskip 
Type  H <return>  for immediate help.
 ...                                              
                                                  
l.26 ...malfont \ttfamily \let \do@noligs \`\<\>\,
                                                  \'\-\let ^\bgroup \prime \...

\tmspace +\thinmuskip {.1667em}


! \accent@spacefactor .

\let 
Type  H <return>  for immediate help.
 ...                                              
                                                  
l.26 ...ttfamily \let \do@noligs \`\<\>\,\'\-\let 
                                                  ^\bgroup \prime \futurelet...

\unhbox \voidb@x \kern \z@ \char ` 

! Missing $ inserted.
<inserted text> 
                $
l.26 ...tfamily \let \do@noligs \`\<\>\,\'\-\let ^
                                                  \bgroup \prime \futurelet ...
I've inserted a begin-math/end-math symbol since I think
you left one out. Proceed, with fingers crossed.

! TeX capacity exceeded, sorry [main memory size=3000000].
 ->\leavevmode \kern \z@ 
                         \char ` 
l.26 ...do@noligs \`\<\>\,\'\-\let ^\bgroup \prime
                                                   \futurelet \@let@token \e...
If you really absolutely need more capacity,
you can ask a wizard to enlarge me.

 
Here is how much of TeX's memory you used:
 8124 strings out of 492970
 116845 string characters out of 3135845
 2999999 words of memory out of 3000000
 11806 multiletter control sequences out of 15000+200000
 49986 words of font info for 54 fonts, out of 3000000 for 9000
 1141 hyphenation exceptions out of 8191
 28i,6n,43p,4840b,211s stack positions out of 5000i,500n,10000p,200000b,50000s
!  ==> Fatal error occurred, no output PDF file produced!
